Information: Updating design information... (UID-85)
Warning: Design 'MyDesign' contains 1 high-fanout nets. A fanout number of 1000 will be used for delay calculations involving these nets. (TIM-134)
 
****************************************
Report : timing
        -path full
        -delay min
        -max_paths 1
Design : MyDesign
Version: K-2015.06-SP1
Date   : Sat Nov 24 17:06:55 2018
****************************************

 # A fanout number of 1000 was used for high fanout net computations.

Operating Conditions: fast   Library: NangateOpenCellLibrary_PDKv1_2_v2008_10_fast_nldm
Wire Load Model Mode: top

  Startpoint: control/dut__hmem__address_r_reg[1]
              (rising edge-triggered flip-flop clocked by clk)
  Endpoint: control/dut__hmem__address_reg[1]
            (rising edge-triggered flip-flop clocked by clk)
  Path Group: clk
  Path Type: min

  Point                                                   Incr       Path
  --------------------------------------------------------------------------
  clock clk (rise edge)                                 0.0000     0.0000
  clock network delay (ideal)                           0.0000     0.0000
  control/dut__hmem__address_r_reg[1]/CK (SDFF_X1)      0.0000 #   0.0000 r
  control/dut__hmem__address_r_reg[1]/Q (SDFF_X1)       0.0643     0.0643 f
  control/dut__hmem__address_reg[1]/D (DFF_X2)          0.0000     0.0643 f
  data arrival time                                                0.0643

  clock clk (rise edge)                                 0.0000     0.0000
  clock network delay (ideal)                           0.0000     0.0000
  clock uncertainty                                     0.0500     0.0500
  control/dut__hmem__address_reg[1]/CK (DFF_X2)         0.0000     0.0500 r
  library hold time                                    -0.0020     0.0480
  data required time                                               0.0480
  --------------------------------------------------------------------------
  data required time                                               0.0480
  data arrival time                                               -0.0643
  --------------------------------------------------------------------------
  slack (MET)                                                      0.0163


1
